(---------------------------------------------------------------------)
(                                                                     )
(    Allegro Netrev Import Logic                                      )
(                                                                     )
(    Software Version : 16.6-2015S059                                 )
(    Date/Time        : Sun Dec 14 21:40:52 2025                      )
(                                                                     )
(---------------------------------------------------------------------)


------ Directives ------------

Ripup etch:                  Yes
Ripup delete first segment:  No
Ripup retain bondwire:       No
Ripup symbols:               Always
Missing symbol has error:    No
DRC update:                  Yes
Schematic directory:         'C:\USERS\ROBERTA\ONEDRIVE\DESKTOP\P1_2025_434D_AMBROZIE_IOANA-ROBERTA_AAF_N4_PSPICE\P1_2025_434D_AMBROZIE_IOANA-ROBERTA_AAF_N4_PSPICE\SCHEMATICS\PROIECT CEF ROBERTA\allegro'
Design Directory:            '.'
Old design name:             'AMPLIFICATOR_JF_ROBERTA.brd'
New design name:             'AMPLIFICATOR_JF_ROBERTA.brd'

CmdLine: netrev.exe -y 1 -x -i C:\USERS\ROBERTA\ONEDRIVE\DESKTOP\P1_2025_434D_AMBROZIE_IOANA-ROBERTA_AAF_N4_PSPICE\P1_2025_434D_AMBROZIE_IOANA-ROBERTA_AAF_N4_PSPICE\SCHEMATICS\PROIECT CEF ROBERTA\allegro C:\USERS\ROBERTA\ONEDRIVE\DESKTOP\P1_2025_434D_AMBROZIE_IOANA-ROBERTA_AAF_N4_PSPICE\P1_2025_434D_AMBROZIE_IOANA-ROBERTA_AAF_N4_PSPICE\SCHEMATICS\PROIECT CEF ROBERTA\allegro\AMPLIFICATOR_JF_ROBERTA.brd C:\USERS\ROBERTA\ONEDRIVE\DESKTOP\P1_2025_434D_AMBROZIE_IOANA-ROBERTA_AAF_N4_PSPICE\P1_2025_434D_AMBROZIE_IOANA-ROBERTA_AAF_N4_PSPICE\SCHEMATICS\PROIECT CEF ROBERTA\allegro\AMPLIFICATOR_JF_ROBERTA.brd

------ Preparing to read pst files ------

Starting to read C:/USERS/ROBERTA/ONEDRIVE/DESKTOP/P1_2025_434D_AMBROZIE_IOANA-ROBERTA_AAF_N4_PSPICE/P1_2025_434D_AMBROZIE_IOANA-ROBERTA_AAF_N4_PSPICE/SCHEMATICS/PROIECT CEF ROBERTA/allegro/pstchip.dat 
   Finished reading C:/USERS/ROBERTA/ONEDRIVE/DESKTOP/P1_2025_434D_AMBROZIE_IOANA-ROBERTA_AAF_N4_PSPICE/P1_2025_434D_AMBROZIE_IOANA-ROBERTA_AAF_N4_PSPICE/SCHEMATICS/PROIECT CEF ROBERTA/allegro/pstchip.dat (00:00:00.04)
Starting to read C:/USERS/ROBERTA/ONEDRIVE/DESKTOP/P1_2025_434D_AMBROZIE_IOANA-ROBERTA_AAF_N4_PSPICE/P1_2025_434D_AMBROZIE_IOANA-ROBERTA_AAF_N4_PSPICE/SCHEMATICS/PROIECT CEF ROBERTA/allegro/pstxprt.dat 
   Finished reading C:/USERS/ROBERTA/ONEDRIVE/DESKTOP/P1_2025_434D_AMBROZIE_IOANA-ROBERTA_AAF_N4_PSPICE/P1_2025_434D_AMBROZIE_IOANA-ROBERTA_AAF_N4_PSPICE/SCHEMATICS/PROIECT CEF ROBERTA/allegro/pstxprt.dat (00:00:00.00)
Starting to read C:/USERS/ROBERTA/ONEDRIVE/DESKTOP/P1_2025_434D_AMBROZIE_IOANA-ROBERTA_AAF_N4_PSPICE/P1_2025_434D_AMBROZIE_IOANA-ROBERTA_AAF_N4_PSPICE/SCHEMATICS/PROIECT CEF ROBERTA/allegro/pstxnet.dat 
   Finished reading C:/USERS/ROBERTA/ONEDRIVE/DESKTOP/P1_2025_434D_AMBROZIE_IOANA-ROBERTA_AAF_N4_PSPICE/P1_2025_434D_AMBROZIE_IOANA-ROBERTA_AAF_N4_PSPICE/SCHEMATICS/PROIECT CEF ROBERTA/allegro/pstxnet.dat (00:00:00.00)

------ Oversights/Warnings/Errors ------


#1   ERROR(SPMHNI-178): Error detected opening physical design file.

ERROR(SPMHNI-177): Unable to open physical design file,'AMPLIFICATOR_JF_ROBERTA.brd':'The design is corrupted. It may have been copied from a different architecture using ASCII mode; copy using binary mode.'.

#2   Run stopped because errors were detected

netrev run on Dec 14 21:40:52 2025
   DESIGN NAME : 'AMPLIFICATOR_JF_ROBERTA'
   PACKAGING ON Aug  3 2015 18:16:55

   COMPILE 'logic'
   CHECK_PIN_NAMES OFF
   CROSS_REFERENCE OFF
   FEEDBACK OFF
   INCREMENTAL OFF
   INTERFACE_TYPE PHYSICAL
   MAX_ERRORS 500
   MERGE_MINIMUM 5
   NET_NAME_CHARS '#%&()*+-./:=>?@[]^_`|'
   NET_NAME_LENGTH 24
   OVERSIGHTS ON
   REPLACE_CHECK OFF
   SINGLE_NODE_NETS ON
   SPLIT_MINIMUM 0
   SUPPRESS   20
   WARNINGS ON

  2 errors detected
 No oversight detected
 No warning detected

cpu time      0:00:17
elapsed time  0:00:00

